#
# A fatal error has been detected by the Java Runtime Environment:
#
#  Internal Error (javaClasses.cpp:136), pid=720, tid=6708
#  fatal error: Invalid layout of preloaded class
#
# JRE version:  (7.0_45-b18) (build )
# Java VM: Java HotSpot(TM) 64-Bit Server VM (24.45-b08 mixed mode windows-amd64 compressed oops)
# Failed to write core dump. Minidumps are not enabled by default on client versions of Windows
#
# If you would like to submit a bug report, please visit:
#   http://bugreport.sun.com/bugreport/crash.jsp
#

---------------  T H R E A D  ---------------

Current thread (0x000000000244e800):  JavaThread "Unknown thread" [_thread_in_vm, id=6708, stack(0x0000000002850000,0x0000000002950000)]

Stack: [0x0000000002850000,0x0000000002950000]

---------------  P R O C E S S  ---------------

Java Threads: ( => current thread )

Other Threads:

=>0x000000000244e800 (exited) JavaThread "Unknown thread" [_thread_in_vm, id=6708, stack(0x0000000002850000,0x0000000002950000)]

VM state:not at safepoint (not fully initialized)

VM Mutex/Monitor currently owned by a thread: None

GC Heap History (0 events):
No events

Deoptimization events (0 events):
No events

Internal exceptions (0 events):
No events

Events (10 events):
Event: 0.039 loading class 0x000000000af20760 done
Event: 0.039 loading class 0x000000000af20180 done
Event: 0.039 loading class 0x000000000af20160
Event: 0.039 loading class 0x000000000af28260
Event: 0.039 loading class 0x000000000af28260 done
Event: 0.039 loading class 0x000000000af28290
Event: 0.039 loading class 0x000000000af28290 done
Event: 0.039 loading class 0x000000000af282c0
Event: 0.039 loading class 0x000000000af282c0 done
Event: 0.039 loading class 0x000000000af20160 done


Dynamic libraries:
0x000000013fa30000 - 0x000000013fa63000 	C:\Program Files\Java\jre7\bin\javaw.exe
0x0000000076cb0000 - 0x0000000076e59000 	C:\Windows\SYSTEM32\ntdll.dll
0x0000000076a90000 - 0x0000000076baf000 	C:\Windows\system32\kernel32.dll
0x000007fefcbc0000 - 0x000007fefcc2b000 	C:\Windows\system32\KERNELBASE.dll
0x000007fefd0d0000 - 0x000007fefd1ab000 	C:\Windows\system32\ADVAPI32.dll
0x000007fefde10000 - 0x000007fefdeaf000 	C:\Windows\system32\msvcrt.dll
0x000007fefedc0000 - 0x000007fefeddf000 	C:\Windows\SYSTEM32\sechost.dll
0x000007fefd1b0000 - 0x000007fefd2dd000 	C:\Windows\system32\RPCRT4.dll
0x0000000076bb0000 - 0x0000000076caa000 	C:\Windows\system32\USER32.dll
0x000007fefd950000 - 0x000007fefd9b7000 	C:\Windows\system32\GDI32.dll
0x000007fefdeb0000 - 0x000007fefdebe000 	C:\Windows\system32\LPK.dll
0x000007fefecf0000 - 0x000007fefedb9000 	C:\Windows\system32\USP10.dll
0x000007fefafd0000 - 0x000007fefb1c4000 	C:\Windows\WinSxS\amd64_microsoft.windows.common-controls_6595b64144ccf1df_6.0.7601.17514_none_fa396087175ac9ac\COMCTL32.dll
0x000007fefda50000 - 0x000007fefdac1000 	C:\Windows\system32\SHLWAPI.dll
0x000007fefd9c0000 - 0x000007fefd9ee000 	C:\Windows\system32\IMM32.DLL
0x000007fefd7a0000 - 0x000007fefd8a9000 	C:\Windows\system32\MSCTF.dll
0x000007fefca20000 - 0x000007fefca52000 	C:\Windows\system32\nvinitx.dll
0x0000000077130000 - 0x0000000077202000 	C:\Program Files\Java\jre7\bin\msvcr100.dll
0x000000006dfd0000 - 0x000000006e799000 	C:\Program Files\Java\jre7\bin\server\jvm.dll
0x000007fef7e90000 - 0x000007fef7e99000 	C:\Windows\system32\WSOCK32.dll
0x000007fefd4f0000 - 0x000007fefd53d000 	C:\Windows\system32\WS2_32.dll
0x000007fefde00000 - 0x000007fefde08000 	C:\Windows\system32\NSI.dll
0x000007fefa680000 - 0x000007fefa6bb000 	C:\Windows\system32\WINMM.dll
0x0000000076e80000 - 0x0000000076e87000 	C:\Windows\system32\PSAPI.DLL
0x0000000061e70000 - 0x0000000061e7f000 	C:\Program Files\Java\jre7\bin\verify.dll
0x0000000050060000 - 0x0000000050088000 	C:\Program Files\Java\jre7\bin\java.dll
0x0000000058b60000 - 0x0000000058b75000 	C:\Program Files\Java\jre7\bin\zip.dll

VM Arguments:
jvm_args: -Dfile.encoding=UTF-8 -Xbootclasspath:E:\Program Files\adt-bundle-windows-x86_64-20131030\sdk\platforms\android-19\android.jar 
java_command: com.mss.livesmart.entities.Test2
Launcher Type: SUN_STANDARD

Environment Variables:
JAVA_HOME=E:\Program Files\Java\jdk1.7.0_45
CLASSPATH=.;E:\Program Files\Java\jdk1.7.0_45\lib;E:\Program Files\Java\jdk1.7.0_45\lib\tools.jar
PATH=C:\Program Files\Common Files\Microsoft Shared\Windows Live;D:\Program Files (x86)\ImageMagick-6.8.0-Q16;C:\Program Files (x86)\NVIDIA Corporation\PhysX\Common;C:\Windows\system32;C:\Windows;C:\Windows\System32\Wbem;C:\Windows\System32\WindowsPowerShell\v1.0\;C:\Program Files (x86)\Intel\OpenCL SDK\3.0\bin\x86;C:\Program Files (x86)\Intel\OpenCL SDK\3.0\bin\x64;C:\Program Files (x86)\Microsoft SQL Server\100\Tools\Binn\;C:\Program Files\Microsoft SQL Server\100\Tools\Binn\;C:\Program Files\Microsoft SQL Server\100\DTS\Binn\;E:\Program Files\MySQL\MySQL Utilities 1.3.0\;C:\Program Files (x86)\Microsoft SQL Server\100\Tools\Binn\VSShell\Common7\IDE\;C:\Program Files (x86)\Microsoft SQL Server\100\DTS\Binn\;C:\Program Files (x86)\Lenovo\Lenovo Home\;D:\Program Files (x86)\QuickTime\QTSystem\;E:\mongodb\bin;C:\Program Files\Common Files\Microsoft Shared\Windows Live;E:\Program Files\Java\jdk1.7.0_45\bin;E:\Program Files\Java\jdk1.7.0_45\jre\bin;E:\Dev-Cpp\bin;D:\Program Files (x86)\fciv;E:\Program Files (x86)\apache-maven-3.1.1\bin;C:\Program Files (x86)\Lenovo\Lenovo Home\DCMainWin.exe;E:\Program Files (x86)\apache-ant-1.9.3\bin;e:\masm32\bin;.;;.;;.;
USERNAME=W
OS=Windows_NT
PROCESSOR_IDENTIFIER=Intel64 Family 6 Model 60 Stepping 3, GenuineIntel



---------------  S Y S T E M  ---------------

OS: Windows 7 , 64 bit Build 7601 Service Pack 1

CPU:total 8 (4 cores per cpu, 2 threads per core) family 6 model 60 stepping 3, cmov, cx8, fxsr, mmx, sse, sse2, sse3, ssse3, sse4.1, sse4.2, popcnt, avx, avx2, aes, erms, ht, tsc, tscinvbit

Memory: 4k page, physical 8106352k(2760012k free), swap 16210840k(9255860k free)

vm_info: Java HotSpot(TM) 64-Bit Server VM (24.45-b08) for windows-amd64 JRE (1.7.0_45-b18), built on Oct  8 2013 05:47:22 by "java_re" with unknown MS VC++:1600

time: Wed Apr 02 17:08:14 2014
elapsed time: 0 seconds

